<?xml version="1.0" encoding="UTF-8"?>
<!-- Generated by org.testng.reporters.JUnitXMLReporter -->
<testsuite ignored="0" hostname="Shaunenoch" failures="3" tests="9" name="Test" time="57.828" errors="0" timestamp="2023-05-09T12:54:49 EDT">
  <testcase classname="io.cucumber.testng.AbstractTestNGCucumberTests" name="runScenario" time="10.486">
    <failure type="java.lang.AssertionError" message="expected [password_mismatch:The two password fields didn’t match.] but found [U are logged in]">
      <![CDATA[java.lang.AssertionError: expected [password_mismatch:The two password fields didn’t match.] but found [U are logged in]
at Steps_DsAlgo.LoginSteps.user_prints_the_error_message(LoginSteps.java:54)
at ✽.user prints the error message(file:///C:/Users/shaun/eclipse-workspace/Ds_AlgoProject/src/test/resources/FeaturesDsAlgo/ALogin.feature:7)
... Removed 6 stack frames]]>
    </failure>
  </testcase> <!-- runScenario -->
  <testcase classname="io.cucumber.testng.AbstractTestNGCucumberTests" name="runScenario" time="3.821"/>
  <testcase classname="io.cucumber.testng.AbstractTestNGCucumberTests" name="runScenario" time="1.409">
    <failure type="java.lang.AssertionError" message="expected [U are logged in] but found [Invalid Username and Password]">
      <![CDATA[java.lang.AssertionError: expected [U are logged in] but found [Invalid Username and Password]
at Steps_DsAlgo.LoginSteps.user_stays_on_the_login_page(LoginSteps.java:110)
at ✽.user stays on the login page(file:///C:/Users/shaun/eclipse-workspace/Ds_AlgoProject/src/test/resources/FeaturesDsAlgo/ALogin.feature:22)
... Removed 6 stack frames]]>
    </failure>
  </testcase> <!-- runScenario -->
  <testcase classname="io.cucumber.testng.AbstractTestNGCucumberTests" name="runScenario" time="3.726"/>
  <testcase classname="io.cucumber.testng.AbstractTestNGCucumberTests" name="runScenario" time="10.415"/>
  <testcase classname="io.cucumber.testng.AbstractTestNGCucumberTests" name="runScenario" time="6.396"/>
  <testcase classname="io.cucumber.testng.AbstractTestNGCucumberTests" name="runScenario" time="2.199"/>
  <testcase classname="io.cucumber.testng.AbstractTestNGCucumberTests" name="runScenario" time="4.787">
    <failure type="java.lang.AssertionError" message="expected [] but found [Overview of Trees]">
      <![CDATA[java.lang.AssertionError: expected [] but found [Overview of Trees]
at Steps_DsAlgo.TreeSteps.user_checks_for_the_error_message(TreeSteps.java:87)
at ✽.user checks for the error message(file:///C:/Users/shaun/eclipse-workspace/Ds_AlgoProject/src/test/resources/FeaturesDsAlgo/CTree.feature:13)
... Removed 6 stack frames]]>
    </failure>
  </testcase> <!-- runScenario -->
  <testcase classname="io.cucumber.testng.AbstractTestNGCucumberTests" name="runScenario" time="9.131"/>
</testsuite> <!-- Test -->
