<!DOCTYPE html>

<html>
  <head>
  <meta charset='utf-8'>
  <title>TestNG reports</title>

    <link type="text/css" href="testng-reports1.css" rel="stylesheet" id="ultra" />
    <link type="text/css" href="testng-reports.css" rel="stylesheet" id="retro" disabled="false"/>
    <script type="text/javascript" src="jquery-3.6.0.min.js"></script>
    <script type="text/javascript" src="testng-reports.js"></script>
    <script type="text/javascript" src="https://www.google.com/jsapi"></script>
    <script type='text/javascript'>
      google.load('visualization', '1', {packages:['table']});
      google.setOnLoadCallback(drawTable);
      var suiteTableInitFunctions = new Array();
      var suiteTableData = new Array();
    </script>
    <!--
      <script type="text/javascript" src="jquery-ui/js/jquery-ui-1.8.16.custom.min.js"></script>
     -->
  </head>

  <body>    <div class="top-banner-root">
      <span class="top-banner-title-font">Test results</span>
      <button id="button" class="button">Switch Retro Theme</button> <!-- button -->
      <br/>
      <span class="top-banner-font-1">1 suite, 5 failed tests</span>
    </div> <!-- top-banner-root -->
    <div class="navigator-root">
      <div class="navigator-suite-header">
        <span>All suites</span>
        <a href="#" title="Collapse/expand all the suites" class="collapse-all-link">
          <img src="collapseall.gif" class="collapse-all-icon">
          </img> <!-- collapse-all-icon -->
        </a> <!-- collapse-all-link -->
      </div> <!-- navigator-suite-header -->
      <div class="suite">
        <div class="rounded-window">
          <div class="suite-header light-rounded-window-top">
            <a href="#" panel-name="suite-Failed_suite__Default_suite_" class="navigator-link">
              <span class="suite-name border-failed">Failed suite [Default suite]</span>
            </a> <!-- navigator-link -->
          </div> <!-- suite-header light-rounded-window-top -->
          <div class="navigator-suite-content">
            <div class="suite-section-title">
              <span>Info</span>
            </div> <!-- suite-section-title -->
            <div class="suite-section-content">
              <ul>
                <li>
                  <a href="#" panel-name="test-xml-Failed_suite__Default_suite_" class="navigator-link ">
                    <span>C:\Users\shaun\eclipse-workspace\Ds_AlgoProject3\test-output\testng-failed.xml</span>
                  </a> <!-- navigator-link  -->
                </li>
                <li>
                  <a href="#" panel-name="testlist-Failed_suite__Default_suite_" class="navigator-link ">
                    <span class="test-stats">1 test</span>
                  </a> <!-- navigator-link  -->
                </li>
                <li>
                  <a href="#" panel-name="group-Failed_suite__Default_suite_" class="navigator-link ">
                    <span>1 group</span>
                  </a> <!-- navigator-link  -->
                </li>
                <li>
                  <a href="#" panel-name="times-Failed_suite__Default_suite_" class="navigator-link ">
                    <span>Times</span>
                  </a> <!-- navigator-link  -->
                </li>
                <li>
                  <a href="#" panel-name="reporter-Failed_suite__Default_suite_" class="navigator-link ">
                    <span>Reporter output</span>
                  </a> <!-- navigator-link  -->
                </li>
                <li>
                  <a href="#" panel-name="ignored-methods-Failed_suite__Default_suite_" class="navigator-link ">
                    <span>Ignored methods</span>
                  </a> <!-- navigator-link  -->
                </li>
                <li>
                  <a href="#" panel-name="chronological-Failed_suite__Default_suite_" class="navigator-link ">
                    <span>Chronological view</span>
                  </a> <!-- navigator-link  -->
                </li>
              </ul>
            </div> <!-- suite-section-content -->
            <div class="result-section">
              <div class="suite-section-title">
                <span>Results</span>
              </div> <!-- suite-section-title -->
              <div class="suite-section-content">
                <ul>
                  <li>
                    <span class="method-stats">5 methods, 5 failed,   </span>
                  </li>
                  <li>
                    <span class="method-list-title failed">Failed methods</span>
                    <span class="show-or-hide-methods failed">
                      <a href="#" panel-name="suite-Failed_suite__Default_suite_" class="hide-methods failed suite-Failed_suite__Default_suite_"> (hide)</a> <!-- hide-methods failed suite-Failed_suite__Default_suite_ -->
                      <a href="#" panel-name="suite-Failed_suite__Default_suite_" class="show-methods failed suite-Failed_suite__Default_suite_"> (show)</a> <!-- show-methods failed suite-Failed_suite__Default_suite_ -->
                    </span>
                    <div class="method-list-content failed suite-Failed_suite__Default_suite_">
                      <span>
                        <img src="failed.png" width="3%"/>
                        <a href="#" panel-name="suite-Failed_suite__Default_suite_" title="runner.TestRunner" class="method navigator-link" hash-for-method="runScenario(&quot;Test the Queue Module with invalid syntax in editor box&quot;, &quot;User should be able to run Queue Module ...)">runScenario("Test the Queue Module with invalid syntax in editor box", "User should be able to run Queue Module ...)</a> <!-- method navigator-link -->
                      </span>
                      <br/>
                      <span>
                        <img src="failed.png" width="3%"/>
                        <a href="#" panel-name="suite-Failed_suite__Default_suite_" title="runner.TestRunner" class="method navigator-link" hash-for-method="runScenario(&quot;Validate the login page with invalid credentials&quot;, &quot;Register new Account&quot;)">runScenario("Validate the login page with invalid credentials", "Register new Account")</a> <!-- method navigator-link -->
                      </span>
                      <br/>
                      <span>
                        <img src="failed.png" width="3%"/>
                        <a href="#" panel-name="suite-Failed_suite__Default_suite_" title="runner.TestRunner" class="method navigator-link" hash-for-method="runScenario(&quot;Testing the tryEditor Box with invalid syntax in Overview of Trees Option&quot;, &quot;Run the tryEditor in O...)">runScenario("Testing the tryEditor Box with invalid syntax in Overview of Trees Option", "Run the tryEditor in O...)</a> <!-- method navigator-link -->
                      </span>
                      <br/>
                      <span>
                        <img src="failed.png" width="3%"/>
                        <a href="#" panel-name="suite-Failed_suite__Default_suite_" title="runner.TestRunner" class="method navigator-link" hash-for-method="runScenario(&quot;Creating new user account&quot;, &quot;Register new Account&quot;)">runScenario("Creating new user account", "Register new Account")</a> <!-- method navigator-link -->
                      </span>
                      <br/>
                      <span>
                        <img src="failed.png" width="3%"/>
                        <a href="#" panel-name="suite-Failed_suite__Default_suite_" title="runner.TestRunner" class="method navigator-link" hash-for-method="runScenario(&quot;Test the Graph Module with invalid syntax in editor box&quot;, &quot;User should be able to run Graph Module ...)">runScenario("Test the Graph Module with invalid syntax in editor box", "User should be able to run Graph Module ...)</a> <!-- method navigator-link -->
                      </span>
                      <br/>
                    </div> <!-- method-list-content failed suite-Failed_suite__Default_suite_ -->
                  </li>
                </ul>
              </div> <!-- suite-section-content -->
            </div> <!-- result-section -->
          </div> <!-- navigator-suite-content -->
        </div> <!-- rounded-window -->
      </div> <!-- suite -->
    </div> <!-- navigator-root -->
    <div class="wrapper">
      <div class="main-panel-root">
        <div panel-name="suite-Failed_suite__Default_suite_" class="panel Failed_suite__Default_suite_">
          <div class="suite-Failed_suite__Default_suite_-class-failed">
            <div class="main-panel-header rounded-window-top">
              <img src="failed.png"/>
              <span class="class-name">runner.TestRunner</span>
            </div> <!-- main-panel-header rounded-window-top -->
            <div class="main-panel-content rounded-window-bottom">
              <div class="method">
                <div class="method-content">
                  <a name="runScenario(&quot;Test the Queue Module with invalid syntax in editor box&quot;, &quot;User should be able to run Queue Module ...)">
                  </a> <!-- runScenario("Test the Queue Module with invalid syntax in editor box", "User should be able to run Queue Module ...) -->
                  <span class="method-name">runScenario</span>
                  <span class="parameters">("Test the Queue Module with invalid syntax in editor box","User should be able to run Queue Module features")</span>
                  <div class="stack-trace">org.openqa.selenium.NoSuchWindowException: no such window: target window already closed
from unknown error: web view not found
  (Session info: chrome=115.0.5790.171)
Build info: version: &apos;4.8.3&apos;, revision: &apos;e5e76298c3&apos;
System info: os.name: &apos;Windows 11&apos;, os.arch: &apos;amd64&apos;, os.version: &apos;10.0&apos;, java.version: &apos;19.0.2&apos;
Driver info: org.openqa.selenium.chrome.ChromeDriver
Command: [9d3e018de94b2e6351411c047d1731e5, actions {actions=[org.openqa.selenium.interactions.Sequence@12bcf7c6]}]
Capabilities {acceptInsecureCerts: false, browserName: chrome, browserVersion: 115.0.5790.171, chrome: {chromedriverVersion: 114.0.5735.90 (386bc09e8f4f..., userDataDir: C:\Users\shaun\AppData\Loca...}, goog:chromeOptions: {debuggerAddress: localhost:51973}, networkConnectionEnabled: false, pageLoadStrategy: normal, platformName: WINDOWS, proxy: Proxy(), se:cdp: ws://localhost:51973/devtoo..., se:cdpVersion: 115.0.5790.171, setWindowRect: true, strictFileInteractability: false, timeouts: {implicit: 0, pageLoad: 300000, script: 30000}, unhandledPromptBehavior: dismiss and notify, webauthn:extension:credBlob: true, webauthn:extension:largeBlob: true, webauthn:extension:minPinLength: true, webauthn:extension:prf: true, webauthn:virtualAuthenticators: true}
Session ID: 9d3e018de94b2e6351411c047d1731e5
	at org.openqa.selenium.remote.codec.w3c.W3CHttpResponseCodec.createException(W3CHttpResponseCodec.java:200)
	at org.openqa.selenium.remote.codec.w3c.W3CHttpResponseCodec.decode(W3CHttpResponseCodec.java:133)
	at org.openqa.selenium.remote.codec.w3c.W3CHttpResponseCodec.decode(W3CHttpResponseCodec.java:53)
	at org.openqa.selenium.remote.HttpCommandExecutor.execute(HttpCommandExecutor.java:193)
	at org.openqa.selenium.remote.service.DriverCommandExecutor.invokeExecute(DriverCommandExecutor.java:183)
	at org.openqa.selenium.remote.service.DriverCommandExecutor.execute(DriverCommandExecutor.java:158)
	at org.openqa.selenium.remote.RemoteWebDriver.execute(RemoteWebDriver.java:543)
	at org.openqa.selenium.remote.RemoteWebDriver.perform(RemoteWebDriver.java:611)
	at org.openqa.selenium.interactions.Actions$BuiltAction.perform(Actions.java:567)
	at Steps_DsAlgo.QueueSteps.user_scroll_down_to_select_option_from_Queue_list(QueueSteps.java:89)
	at ✽.user scroll down to select option from Queue list(file:///C:/Users/shaun/eclipse-workspace/Ds_AlgoProject3/src/test/resources/FeaturesDsAlgo/Queue.feature:15)
... Removed 3 stack frames
</div> <!-- stack-trace -->
                  <em>
(Runs Cucumber Scenarios)                  </em>
                </div> <!-- method-content -->
              </div> <!-- method -->
              <div class="method">
                <div class="method-content">
                  <a name="runScenario(&quot;Validate the login page with invalid credentials&quot;, &quot;Register new Account&quot;)">
                  </a> <!-- runScenario("Validate the login page with invalid credentials", "Register new Account") -->
                  <span class="method-name">runScenario</span>
                  <span class="parameters">("Validate the login page with invalid credentials","Register new Account")</span>
                  <div class="stack-trace">org.openqa.selenium.NoSuchElementException: Unable to find element with locator By.xpath: //input[@name=&apos;password&apos;]
For documentation on this error, please visit: https://selenium.dev/exceptions/#no_such_element
Build info: version: &apos;4.8.3&apos;, revision: &apos;e5e76298c3&apos;
System info: os.name: &apos;Windows 11&apos;, os.arch: &apos;amd64&apos;, os.version: &apos;10.0&apos;, java.version: &apos;19.0.2&apos;
Driver info: driver.version: RemoteWebDriver
	at org.openqa.selenium.remote.ElementLocation$ElementFinder$2.findElement(ElementLocation.java:165)
	at org.openqa.selenium.remote.ElementLocation.findElement(ElementLocation.java:60)
	at org.openqa.selenium.remote.RemoteWebDriver.findElement(RemoteWebDriver.java:352)
	at org.openqa.selenium.remote.RemoteWebDriver.findElement(RemoteWebDriver.java:344)
	at POM_DsAlgo.POMLogin.UserInvalid(POMLogin.java:160)
	at Steps_DsAlgo.LoginSteps.user_enters_invalid_username_from_and_password_from(LoginSteps.java:173)
	at ✽.user enters invalid username from &quot;LoginPage&quot; and password from 3(file:///C:/Users/shaun/eclipse-workspace/Ds_AlgoProject3/src/test/resources/FeaturesDsAlgo/ALogin.feature:46)

</div> <!-- stack-trace -->
                  <em>
(Runs Cucumber Scenarios)                  </em>
                </div> <!-- method-content -->
              </div> <!-- method -->
              <div class="method">
                <div class="method-content">
                  <a name="runScenario(&quot;Testing the tryEditor Box with invalid syntax in Overview of Trees Option&quot;, &quot;Run the tryEditor in O...)">
                  </a> <!-- runScenario("Testing the tryEditor Box with invalid syntax in Overview of Trees Option", "Run the tryEditor in O...) -->
                  <span class="method-name">runScenario</span>
                  <span class="parameters">("Testing the tryEditor Box with invalid syntax in Overview of Trees Option","Run the tryEditor in Overview of Trees Tree Module")</span>
                  <div class="stack-trace">org.openqa.selenium.NoSuchWindowException: no such window: target window already closed
from unknown error: web view not found
  (Session info: chrome=115.0.5790.171)
Build info: version: &apos;4.8.3&apos;, revision: &apos;e5e76298c3&apos;
System info: os.name: &apos;Windows 11&apos;, os.arch: &apos;amd64&apos;, os.version: &apos;10.0&apos;, java.version: &apos;19.0.2&apos;
Driver info: org.openqa.selenium.chrome.ChromeDriver
Command: [9d3e018de94b2e6351411c047d1731e5, actions {actions=[org.openqa.selenium.interactions.Sequence@40b70f31]}]
Capabilities {acceptInsecureCerts: false, browserName: chrome, browserVersion: 115.0.5790.171, chrome: {chromedriverVersion: 114.0.5735.90 (386bc09e8f4f..., userDataDir: C:\Users\shaun\AppData\Loca...}, goog:chromeOptions: {debuggerAddress: localhost:51973}, networkConnectionEnabled: false, pageLoadStrategy: normal, platformName: WINDOWS, proxy: Proxy(), se:cdp: ws://localhost:51973/devtoo..., se:cdpVersion: 115.0.5790.171, setWindowRect: true, strictFileInteractability: false, timeouts: {implicit: 0, pageLoad: 300000, script: 30000}, unhandledPromptBehavior: dismiss and notify, webauthn:extension:credBlob: true, webauthn:extension:largeBlob: true, webauthn:extension:minPinLength: true, webauthn:extension:prf: true, webauthn:virtualAuthenticators: true}
Session ID: 9d3e018de94b2e6351411c047d1731e5
	at org.openqa.selenium.remote.codec.w3c.W3CHttpResponseCodec.createException(W3CHttpResponseCodec.java:200)
	at org.openqa.selenium.remote.codec.w3c.W3CHttpResponseCodec.decode(W3CHttpResponseCodec.java:133)
	at org.openqa.selenium.remote.codec.w3c.W3CHttpResponseCodec.decode(W3CHttpResponseCodec.java:53)
	at org.openqa.selenium.remote.HttpCommandExecutor.execute(HttpCommandExecutor.java:193)
	at org.openqa.selenium.remote.service.DriverCommandExecutor.invokeExecute(DriverCommandExecutor.java:183)
	at org.openqa.selenium.remote.service.DriverCommandExecutor.execute(DriverCommandExecutor.java:158)
	at org.openqa.selenium.remote.RemoteWebDriver.execute(RemoteWebDriver.java:543)
	at org.openqa.selenium.remote.RemoteWebDriver.perform(RemoteWebDriver.java:611)
	at org.openqa.selenium.interactions.Actions$BuiltAction.perform(Actions.java:567)
	at Steps_DsAlgo.TreeSteps.user_scrolls_down_and_chooses_overview_of_trees_link(TreeSteps.java:56)
	at ✽.user scrolls down and chooses Overview of Trees link(file:///C:/Users/shaun/eclipse-workspace/Ds_AlgoProject3/src/test/resources/FeaturesDsAlgo/FTree.feature:11)
... Removed 3 stack frames
</div> <!-- stack-trace -->
                  <em>
(Runs Cucumber Scenarios)                  </em>
                </div> <!-- method-content -->
              </div> <!-- method -->
              <div class="method">
                <div class="method-content">
                  <a name="runScenario(&quot;Creating new user account&quot;, &quot;Register new Account&quot;)">
                  </a> <!-- runScenario("Creating new user account", "Register new Account") -->
                  <span class="method-name">runScenario</span>
                  <span class="parameters">("Creating new user account","Register new Account")</span>
                  <div class="stack-trace">java.lang.IllegalArgumentException: Sheet index (-1) is out of range (0..0)
	at org.apache.poi.xssf.usermodel.XSSFWorkbook.validateSheetIndex(XSSFWorkbook.java:1484)
	at org.apache.poi.xssf.usermodel.XSSFWorkbook.getSheetAt(XSSFWorkbook.java:1186)
	at Utilities.ExcelReader.getCellData(ExcelReader.java:55)
	at Steps_DsAlgo.LoginSteps.user_enters_invalid_data_from_and_in_excelpath(LoginSteps.java:40)
	at ✽.user enters invalid data from &quot;Register&quot; and 2 in excelpath(file:///C:/Users/shaun/eclipse-workspace/Ds_AlgoProject3/src/test/resources/FeaturesDsAlgo/ALogin.feature:6)

</div> <!-- stack-trace -->
                  <em>
(Runs Cucumber Scenarios)                  </em>
                </div> <!-- method-content -->
              </div> <!-- method -->
              <div class="method">
                <div class="method-content">
                  <a name="runScenario(&quot;Test the Graph Module with invalid syntax in editor box&quot;, &quot;User should be able to run Graph Module ...)">
                  </a> <!-- runScenario("Test the Graph Module with invalid syntax in editor box", "User should be able to run Graph Module ...) -->
                  <span class="method-name">runScenario</span>
                  <span class="parameters">("Test the Graph Module with invalid syntax in editor box","User should be able to run Graph Module features")</span>
                  <div class="stack-trace">org.openqa.selenium.NoSuchWindowException: no such window: target window already closed
from unknown error: web view not found
  (Session info: chrome=115.0.5790.171)
Build info: version: &apos;4.8.3&apos;, revision: &apos;e5e76298c3&apos;
System info: os.name: &apos;Windows 11&apos;, os.arch: &apos;amd64&apos;, os.version: &apos;10.0&apos;, java.version: &apos;19.0.2&apos;
Driver info: org.openqa.selenium.chrome.ChromeDriver
Command: [9d3e018de94b2e6351411c047d1731e5, findElement {using=xpath, value=/html/body/div[2]/ul[2]/a}]
Capabilities {acceptInsecureCerts: false, browserName: chrome, browserVersion: 115.0.5790.171, chrome: {chromedriverVersion: 114.0.5735.90 (386bc09e8f4f..., userDataDir: C:\Users\shaun\AppData\Loca...}, goog:chromeOptions: {debuggerAddress: localhost:51973}, networkConnectionEnabled: false, pageLoadStrategy: normal, platformName: WINDOWS, proxy: Proxy(), se:cdp: ws://localhost:51973/devtoo..., se:cdpVersion: 115.0.5790.171, setWindowRect: true, strictFileInteractability: false, timeouts: {implicit: 0, pageLoad: 300000, script: 30000}, unhandledPromptBehavior: dismiss and notify, webauthn:extension:credBlob: true, webauthn:extension:largeBlob: true, webauthn:extension:minPinLength: true, webauthn:extension:prf: true, webauthn:virtualAuthenticators: true}
Session ID: 9d3e018de94b2e6351411c047d1731e5
	at org.openqa.selenium.remote.codec.w3c.W3CHttpResponseCodec.createException(W3CHttpResponseCodec.java:200)
	at org.openqa.selenium.remote.codec.w3c.W3CHttpResponseCodec.decode(W3CHttpResponseCodec.java:133)
	at org.openqa.selenium.remote.codec.w3c.W3CHttpResponseCodec.decode(W3CHttpResponseCodec.java:53)
	at org.openqa.selenium.remote.HttpCommandExecutor.execute(HttpCommandExecutor.java:193)
	at org.openqa.selenium.remote.service.DriverCommandExecutor.invokeExecute(DriverCommandExecutor.java:183)
	at org.openqa.selenium.remote.service.DriverCommandExecutor.execute(DriverCommandExecutor.java:158)
	at org.openqa.selenium.remote.RemoteWebDriver.execute(RemoteWebDriver.java:543)
	at org.openqa.selenium.remote.ElementLocation$ElementFinder$2.findElement(ElementLocation.java:162)
	at org.openqa.selenium.remote.ElementLocation.findElement(ElementLocation.java:60)
	at org.openqa.selenium.remote.RemoteWebDriver.findElement(RemoteWebDriver.java:352)
	at org.openqa.selenium.remote.RemoteWebDriver.findElement(RemoteWebDriver.java:344)
	at POM_DsAlgo.POMGraph.graphMod(POMGraph.java:62)
	at Steps_DsAlgo.GraphSteps.user_can_scroll_down_to_select_option_from_graph_list(GraphSteps.java:94)
	at ✽.user can scroll down to select option from Graph list(file:///C:/Users/shaun/eclipse-workspace/Ds_AlgoProject3/src/test/resources/FeaturesDsAlgo/Graph.feature:21)
... Removed 3 stack frames
</div> <!-- stack-trace -->
                  <em>
(Runs Cucumber Scenarios)                  </em>
                </div> <!-- method-content -->
              </div> <!-- method -->
            </div> <!-- main-panel-content rounded-window-bottom -->
          </div> <!-- suite-Failed_suite__Default_suite_-class-failed -->
        </div> <!-- panel Failed_suite__Default_suite_ -->
        <div panel-name="test-xml-Failed_suite__Default_suite_" class="panel">
          <div class="main-panel-header rounded-window-top">
            <span class="header-content">C:\Users\shaun\eclipse-workspace\Ds_AlgoProject3\test-output\testng-failed.xml</span>
          </div> <!-- main-panel-header rounded-window-top -->
          <div class="main-panel-content rounded-window-bottom">
            <pre>
&lt;?xml version=&quot;1.0&quot; encoding=&quot;UTF-8&quot;?&gt;
&lt;!DOCTYPE suite SYSTEM &quot;https://testng.org/testng-1.0.dtd&quot;&gt;
&lt;suite name=&quot;Failed suite [Default suite]&quot; guice-stage=&quot;DEVELOPMENT&quot;&gt;
  &lt;test thread-count=&quot;5&quot; name=&quot;Default test(failed)&quot;&gt;
    &lt;classes&gt;
      &lt;class name=&quot;runner.TestRunner&quot;&gt;
        &lt;methods&gt;
          &lt;include name=&quot;setUpClass&quot;/&gt;
          &lt;include name=&quot;tearDownClass&quot;/&gt;
          &lt;include name=&quot;runScenario&quot; invocation-numbers=&quot;0 19 4 22 25&quot;/&gt;
        &lt;/methods&gt;
      &lt;/class&gt; &lt;!-- runner.TestRunner --&gt;
    &lt;/classes&gt;
  &lt;/test&gt; &lt;!-- Default test(failed) --&gt;
&lt;/suite&gt; &lt;!-- Failed suite [Default suite] --&gt;
            </pre>
          </div> <!-- main-panel-content rounded-window-bottom -->
        </div> <!-- panel -->
        <div panel-name="testlist-Failed_suite__Default_suite_" class="panel">
          <div class="main-panel-header rounded-window-top">
            <span class="header-content">Tests for Failed suite [Default suite]</span>
          </div> <!-- main-panel-header rounded-window-top -->
          <div class="main-panel-content rounded-window-bottom">
            <ul>
              <li>
                <span class="test-name">Default test(failed) (1 class)</span>
              </li>
            </ul>
          </div> <!-- main-panel-content rounded-window-bottom -->
        </div> <!-- panel -->
        <div panel-name="group-Failed_suite__Default_suite_" class="panel">
          <div class="main-panel-header rounded-window-top">
            <span class="header-content">Groups for Failed suite [Default suite]</span>
          </div> <!-- main-panel-header rounded-window-top -->
          <div class="main-panel-content rounded-window-bottom">
            <div class="test-group">
              <span class="test-group-name">cucumber</span>
              <br/>
              <div class="method-in-group">
                <span class="method-in-group-name">runScenario</span>
                <br/>
              </div> <!-- method-in-group -->
            </div> <!-- test-group -->
          </div> <!-- main-panel-content rounded-window-bottom -->
        </div> <!-- panel -->
        <div panel-name="times-Failed_suite__Default_suite_" class="panel">
          <div class="main-panel-header rounded-window-top">
            <span class="header-content">Times for Failed suite [Default suite]</span>
          </div> <!-- main-panel-header rounded-window-top -->
          <div class="main-panel-content rounded-window-bottom">
            <div class="times-div">
              <script type="text/javascript">
suiteTableInitFunctions.push('tableData_Failed_suite__Default_suite_');
function tableData_Failed_suite__Default_suite_() {
var data = new google.visualization.DataTable();
data.addColumn('number', 'Number');
data.addColumn('string', 'Method');
data.addColumn('string', 'Class');
data.addColumn('number', 'Time (ms)');
data.addRows(5);
data.setCell(0, 0, 0)
data.setCell(0, 1, 'runScenario')
data.setCell(0, 2, 'runner.TestRunner')
data.setCell(0, 3, 11548);
data.setCell(1, 0, 1)
data.setCell(1, 1, 'runScenario')
data.setCell(1, 2, 'runner.TestRunner')
data.setCell(1, 3, 6218);
data.setCell(2, 0, 2)
data.setCell(2, 1, 'runScenario')
data.setCell(2, 2, 'runner.TestRunner')
data.setCell(2, 3, 1058);
data.setCell(3, 0, 3)
data.setCell(3, 1, 'runScenario')
data.setCell(3, 2, 'runner.TestRunner')
data.setCell(3, 3, 139);
data.setCell(4, 0, 4)
data.setCell(4, 1, 'runScenario')
data.setCell(4, 2, 'runner.TestRunner')
data.setCell(4, 3, 83);
window.suiteTableData['Failed_suite__Default_suite_']= { tableData: data, tableDiv: 'times-div-Failed_suite__Default_suite_'}
return data;
}
              </script>
              <span class="suite-total-time">Total running time: 19 seconds</span>
              <div id="times-div-Failed_suite__Default_suite_">
              </div> <!-- times-div-Failed_suite__Default_suite_ -->
            </div> <!-- times-div -->
          </div> <!-- main-panel-content rounded-window-bottom -->
        </div> <!-- panel -->
        <div panel-name="reporter-Failed_suite__Default_suite_" class="panel">
          <div class="main-panel-header rounded-window-top">
            <span class="header-content">Reporter output for Failed suite [Default suite]</span>
          </div> <!-- main-panel-header rounded-window-top -->
          <div class="main-panel-content rounded-window-bottom">
          </div> <!-- main-panel-content rounded-window-bottom -->
        </div> <!-- panel -->
        <div panel-name="ignored-methods-Failed_suite__Default_suite_" class="panel">
          <div class="main-panel-header rounded-window-top">
            <span class="header-content">0 ignored methods</span>
          </div> <!-- main-panel-header rounded-window-top -->
          <div class="main-panel-content rounded-window-bottom">
          </div> <!-- main-panel-content rounded-window-bottom -->
        </div> <!-- panel -->
        <div panel-name="chronological-Failed_suite__Default_suite_" class="panel">
          <div class="main-panel-header rounded-window-top">
            <span class="header-content">Methods in chronological order</span>
          </div> <!-- main-panel-header rounded-window-top -->
          <div class="main-panel-content rounded-window-bottom">
            <div class="chronological-class">
              <div class="chronological-class-name">runner.TestRunner</div> <!-- chronological-class-name -->
              <div class="configuration-class before">
                <span class="method-name">setUpClass(org.testng.TestRunner@4be5b9b1)</span>
                <span class="method-start">0 ms</span>
              </div> <!-- configuration-class before -->
              <div class="test-method">
                <img src="failed.png">
                </img>
                <span class="method-name">runScenario("Creating new user account", "Register new Account")</span>
                <span class="method-start">7605 ms</span>
              </div> <!-- test-method -->
              <div class="test-method">
                <img src="failed.png">
                </img>
                <span class="method-name">runScenario("Validate the login page with invalid credentials", "Register new Account")</span>
                <span class="method-start">19275 ms</span>
              </div> <!-- test-method -->
              <div class="test-method">
                <img src="failed.png">
                </img>
                <span class="method-name">runScenario("Testing the tryEditor Box with invalid syntax in Overview of Trees Option", "Run the tryEditor in O...)</span>
                <span class="method-start">25520 ms</span>
              </div> <!-- test-method -->
              <div class="test-method">
                <img src="failed.png">
                </img>
                <span class="method-name">runScenario("Test the Graph Module with invalid syntax in editor box", "User should be able to run Graph Module ...)</span>
                <span class="method-start">25666 ms</span>
              </div> <!-- test-method -->
              <div class="test-method">
                <img src="failed.png">
                </img>
                <span class="method-name">runScenario("Test the Queue Module with invalid syntax in editor box", "User should be able to run Queue Module ...)</span>
                <span class="method-start">26732 ms</span>
              </div> <!-- test-method -->
              <div class="configuration-class after">
                <span class="method-name">tearDownClass</span>
                <span class="method-start">26823 ms</span>
              </div> <!-- configuration-class after -->
          </div> <!-- main-panel-content rounded-window-bottom -->
        </div> <!-- panel -->
      </div> <!-- main-panel-root -->
    </div> <!-- wrapper -->
  </body>
<script type="text/javascript" src="testng-reports2.js"></script>
</html>
